<?xml version="1.0" encoding="UTF-8"?>
<!-- Generated by org.testng.reporters.JUnitXMLReporter -->
<testsuite hostname="AA-PC" ignored="0" name="test1" tests="6" failures="0" timestamp="2020-03-09T13:12:15 IST" time="0.123" errors="0">
  <testcase name="tc001" time="0.01" classname="p1.ClassA"/>
  <testcase name="tc002" time="0.002" classname="p1.ClassA"/>
  <testcase name="tc003" time="0.005" classname="p1.ClassA"/>
  <testcase name="tc004" time="0.003" classname="p2.ClassB"/>
  <testcase name="tc005" time="0.005" classname="p2.ClassB"/>
  <testcase name="tc006" time="0.003" classname="p2.ClassB"/>
</testsuite> <!-- test1 -->
